<?xml version="1.0" encoding="UTF-8"?>
<!-- Generated by org.testng.reporters.JUnitReportReporter -->
<testsuite hostname="fdbccbae305339999ebdafdffbcdbbebone-0" failures="0" tests="1" name="runner.Testcase3" time="18.421" errors="0" timestamp="2023-09-22T21:38:05 UTC" skipped="0">
  <testcase classname="runner.Testcase3" name="addtocart" time="18.421"/>
</testsuite> <!-- runner.Testcase3 -->
