<?xml version="1.0" encoding="UTF-8"?>
<!-- Generated by org.testng.reporters.JUnitReportReporter -->
<testsuite hostname="fdbccbae305339999ebdafdffbcdbbebone-0" failures="0" tests="1" name="runner.Testcase2" time="8.212" errors="0" timestamp="2023-09-22T21:38:05 UTC" skipped="0">
  <testcase classname="runner.Testcase2" name="SearchProduct" time="8.212"/>
</testsuite> <!-- runner.Testcase2 -->
